2021-04-20T03:10:06.8862023Z ##[group]Run aws s3 cp \
2021-04-20T03:10:06.8862760Z [36;1maws s3 cp \[0m
2021-04-20T03:10:06.8863043Z [36;1m  --recursive \[0m
2021-04-20T03:10:06.8863399Z [36;1m  --region ap-northeast-2 \[0m
2021-04-20T03:10:06.8863823Z [36;1m  dist s3://bucket.domain.com[0m
2021-04-20T03:10:06.9020076Z shell: C:\WINDOWS\System32\WindowsPowerShell\v1.0\powershell.EXE -command ". '{0}'"
2021-04-20T03:10:06.9020565Z env:
2021-04-20T03:10:06.9021438Z   AWS_ACCESS_KEY_ID: ***
2021-04-20T03:10:06.9022007Z   AWS_SECRET_ACCESS_KEY: ***
2021-04-20T03:10:06.9022338Z ##[endgroup]
2021-04-20T03:10:07.2361289Z At C:\workspace\vue\vueTest\gittest\testgit\actions-runner\_work\_temp\bb2d4ba6-6a63-4234-8cba-96201a2e2ea2.ps1:3 char:
2021-04-20T03:10:07.2363203Z 5
2021-04-20T03:10:07.2363872Z +   --recursive \
2021-04-20T03:10:07.2364556Z +     ~
2021-04-20T03:10:07.2365441Z Missing expression after unary operator '--'.
2021-04-20T03:10:07.2367383Z At C:\workspace\vue\vueTest\gittest\testgit\actions-runner\_work\_temp\bb2d4ba6-6a63-4234-8cba-96201a2e2ea2.ps1:3 char:
2021-04-20T03:10:07.2368769Z 5
2021-04-20T03:10:07.2368992Z +   --recursive \
2021-04-20T03:10:07.2369231Z +     ~~~~~~~~~
2021-04-20T03:10:07.2369598Z Unexpected token 'recursive' in expression or statement.
2021-04-20T03:10:07.2370335Z At C:\workspace\vue\vueTest\gittest\testgit\actions-runner\_work\_temp\bb2d4ba6-6a63-4234-8cba-96201a2e2ea2.ps1:4 char:
2021-04-20T03:10:07.2370904Z 5
2021-04-20T03:10:07.2371170Z +   --region ap-northeast-2 \
2021-04-20T03:10:07.2371452Z +     ~
2021-04-20T03:10:07.2371763Z Missing expression after unary operator '--'.
2021-04-20T03:10:07.2372462Z At C:\workspace\vue\vueTest\gittest\testgit\actions-runner\_work\_temp\bb2d4ba6-6a63-4234-8cba-96201a2e2ea2.ps1:4 char:
2021-04-20T03:10:07.2373018Z 5
2021-04-20T03:10:07.2373300Z +   --region ap-northeast-2 \
2021-04-20T03:10:07.2373577Z +     ~~~~~~
2021-04-20T03:10:07.2373929Z Unexpected token 'region' in expression or statement.
2021-04-20T03:10:07.2374454Z     + CategoryInfo          : ParserError: (:) [], ParseException
2021-04-20T03:10:07.2375733Z     + FullyQualifiedErrorId : MissingExpressionAfterOperator
2021-04-20T03:10:07.2376448Z  
2021-04-20T03:10:07.2512758Z ##[error]Process completed with exit code 1.
