2021-04-20T03:09:27.8908408Z Current runner version: '2.277.1'
2021-04-20T03:09:27.8915266Z Runner name: 'DESKTOP-KJSEIT9'
2021-04-20T03:09:27.8915766Z Runner group name: 'Default'
2021-04-20T03:09:27.8916976Z Machine name: 'DESKTOP-KJSEIT9'
2021-04-20T03:09:27.8920796Z ##[group]GITHUB_TOKEN Permissions
2021-04-20T03:09:27.8921888Z Actions: write
2021-04-20T03:09:27.8922228Z Checks: write
2021-04-20T03:09:27.8922564Z Contents: write
2021-04-20T03:09:27.8922929Z Deployments: write
2021-04-20T03:09:27.8923276Z Issues: write
2021-04-20T03:09:27.8923610Z Metadata: read
2021-04-20T03:09:27.8923957Z Packages: write
2021-04-20T03:09:27.8924323Z PullRequests: write
2021-04-20T03:09:27.8924761Z RepositoryProjects: write
2021-04-20T03:09:27.8925217Z SecurityEvents: write
2021-04-20T03:09:27.8925615Z Statuses: write
2021-04-20T03:09:27.8926158Z ##[endgroup]
2021-04-20T03:09:27.8929282Z Prepare workflow directory
2021-04-20T03:09:27.9376460Z Prepare all required actions
2021-04-20T03:09:27.9385651Z Getting action download info
2021-04-20T03:09:29.0457770Z Download action repository 'actions/checkout@v2'
2021-04-20T03:09:30.2793996Z Download action repository 'actions/cache@v1'
2021-04-20T03:09:31.1208409Z ##[group]Run actions/checkout@v2
2021-04-20T03:09:31.1209121Z with:
2021-04-20T03:09:31.1209550Z   repository: lodifillo/testaction
2021-04-20T03:09:31.1210405Z   token: ***
2021-04-20T03:09:31.1210744Z   ssh-strict: true
2021-04-20T03:09:31.1211160Z   persist-credentials: true
2021-04-20T03:09:31.1211552Z   clean: true
2021-04-20T03:09:31.1211889Z   fetch-depth: 1
2021-04-20T03:09:31.1212214Z   lfs: false
2021-04-20T03:09:31.1212548Z   submodules: false
2021-04-20T03:09:31.1212905Z ##[endgroup]
2021-04-20T03:09:33.6558479Z Syncing repository: lodifillo/testaction
2021-04-20T03:09:33.6559329Z ##[group]Getting Git version info
2021-04-20T03:09:33.6559953Z Working directory is 'C:\workspace\vue\vueTest\gittest\testgit\actions-runner\_work\testaction\testaction'
2021-04-20T03:09:33.6889312Z [command]"C:\Program Files\Git\cmd\git.exe" version
2021-04-20T03:09:33.7209747Z git version 2.31.1.windows.1
2021-04-20T03:09:33.7253266Z ##[endgroup]
2021-04-20T03:09:33.7257523Z Deleting the contents of 'C:\workspace\vue\vueTest\gittest\testgit\actions-runner\_work\testaction\testaction'
2021-04-20T03:09:33.7262645Z ##[group]Initializing the repository
2021-04-20T03:09:33.7269978Z [command]"C:\Program Files\Git\cmd\git.exe" init C:\workspace\vue\vueTest\gittest\testgit\actions-runner\_work\testaction\testaction
2021-04-20T03:09:33.7935492Z Initialized empty Git repository in C:/workspace/vue/vueTest/gittest/testgit/actions-runner/_work/testaction/testaction/.git/
2021-04-20T03:09:33.7984127Z [command]"C:\Program Files\Git\cmd\git.exe" remote add origin https://github.com/lodifillo/testaction
2021-04-20T03:09:33.8425151Z ##[endgroup]
2021-04-20T03:09:33.8425648Z ##[group]Disabling automatic garbage collection
2021-04-20T03:09:33.8432395Z [command]"C:\Program Files\Git\cmd\git.exe" config --local gc.auto 0
2021-04-20T03:09:33.8824258Z ##[endgroup]
2021-04-20T03:09:33.8827649Z ##[group]Setting up auth
2021-04-20T03:09:33.8837155Z [command]"C:\Program Files\Git\cmd\git.exe" config --local --name-only --get-regexp core\.sshCommand
2021-04-20T03:09:33.9248701Z [command]"C:\Program Files\Git\cmd\git.exe" submodule foreach --recursive "git config --local --name-only --get-regexp 'core\.sshCommand' && git config --local --unset-all 'core.sshCommand' || :"
2021-04-20T03:09:34.8039457Z [command]"C:\Program Files\Git\cmd\git.exe" config --local --name-only --get-regexp http\.https\:\/\/github\.com\/\.extraheader
2021-04-20T03:09:34.8453619Z [command]"C:\Program Files\Git\cmd\git.exe" submodule foreach --recursive "git config --local --name-only --get-regexp 'http\.https\:\/\/github\.com\/\.extraheader' && git config --local --unset-all 'http.https://github.com/.extraheader' || :"
2021-04-20T03:09:35.6856853Z [command]"C:\Program Files\Git\cmd\git.exe" config --local http.https://github.com/.extraheader "AUTHORIZATION: basic ***"
2021-04-20T03:09:35.7333976Z ##[endgroup]
2021-04-20T03:09:35.7335049Z ##[group]Fetching the repository
2021-04-20T03:09:35.7345473Z [command]"C:\Program Files\Git\cmd\git.exe" -c protocol.version=2 fetch --no-tags --prune --progress --no-recurse-submodules --depth=1 origin +eb3bd142be0e435bff2f6b1486a80008cf498b00:refs/remotes/origin/master
2021-04-20T03:09:36.4100337Z remote: Enumerating objects: 28, done.        
2021-04-20T03:09:36.4101869Z remote: Counting objects:   3% (1/28)        
2021-04-20T03:09:36.4103450Z remote: Counting objects:   7% (2/28)        
2021-04-20T03:09:36.4104231Z remote: Counting objects:  10% (3/28)        
2021-04-20T03:09:36.4104728Z remote: Counting objects:  14% (4/28)        
2021-04-20T03:09:36.4105229Z remote: Counting objects:  17% (5/28)        
2021-04-20T03:09:36.4105585Z remote: Counting objects:  21% (6/28)        
2021-04-20T03:09:36.4105941Z remote: Counting objects:  25% (7/28)        
2021-04-20T03:09:36.4106296Z remote: Counting objects:  28% (8/28)        
2021-04-20T03:09:36.4106825Z remote: Counting objects:  32% (9/28)        
2021-04-20T03:09:36.4109433Z remote: Counting objects:  35% (10/28)        
2021-04-20T03:09:36.4109947Z remote: Counting objects:  39% (11/28)        
2021-04-20T03:09:36.4110416Z remote: Counting objects:  42% (12/28)        
2021-04-20T03:09:36.4111338Z remote: Counting objects:  46% (13/28)        
2021-04-20T03:09:36.4111726Z remote: Counting objects:  50% (14/28)        
2021-04-20T03:09:36.4112090Z remote: Counting objects:  53% (15/28)        
2021-04-20T03:09:36.4112442Z remote: Counting objects:  57% (16/28)        
2021-04-20T03:09:36.4112839Z remote: Counting objects:  60% (17/28)        
2021-04-20T03:09:36.4113253Z remote: Counting objects:  64% (18/28)        
2021-04-20T03:09:36.4113640Z remote: Counting objects:  67% (19/28)        
2021-04-20T03:09:36.4114080Z remote: Counting objects:  71% (20/28)        
2021-04-20T03:09:36.4114453Z remote: Counting objects:  75% (21/28)        
2021-04-20T03:09:36.4114905Z remote: Counting objects:  78% (22/28)        
2021-04-20T03:09:36.4115279Z remote: Counting objects:  82% (23/28)        
2021-04-20T03:09:36.4115663Z remote: Counting objects:  85% (24/28)        
2021-04-20T03:09:36.4116023Z remote: Counting objects:  89% (25/28)        
2021-04-20T03:09:36.4116369Z remote: Counting objects:  92% (26/28)        
2021-04-20T03:09:36.4116732Z remote: Counting objects:  96% (27/28)        
2021-04-20T03:09:36.4117079Z remote: Counting objects: 100% (28/28)        
2021-04-20T03:09:36.4117465Z remote: Counting objects: 100% (28/28), done.        
2021-04-20T03:09:36.4117868Z remote: Compressing objects:   4% (1/23)        
2021-04-20T03:09:36.4118255Z remote: Compressing objects:   8% (2/23)        
2021-04-20T03:09:36.4118652Z remote: Compressing objects:  13% (3/23)        
2021-04-20T03:09:36.4119282Z remote: Compressing objects:  17% (4/23)        
2021-04-20T03:09:36.4119695Z remote: Compressing objects:  21% (5/23)        
2021-04-20T03:09:36.4120103Z remote: Compressing objects:  26% (6/23)        
2021-04-20T03:09:36.4120491Z remote: Compressing objects:  30% (7/23)        
2021-04-20T03:09:36.4120895Z remote: Compressing objects:  34% (8/23)        
2021-04-20T03:09:36.4121279Z remote: Compressing objects:  39% (9/23)        
2021-04-20T03:09:36.4121661Z remote: Compressing objects:  43% (10/23)        
2021-04-20T03:09:36.4122053Z remote: Compressing objects:  47% (11/23)        
2021-04-20T03:09:36.4122437Z remote: Compressing objects:  52% (12/23)        
2021-04-20T03:09:36.4122827Z remote: Compressing objects:  56% (13/23)        
2021-04-20T03:09:36.4123218Z remote: Compressing objects:  60% (14/23)        
2021-04-20T03:09:36.4123602Z remote: Compressing objects:  65% (15/23)        
2021-04-20T03:09:36.4124008Z remote: Compressing objects:  69% (16/23)        
2021-04-20T03:09:36.4124403Z remote: Compressing objects:  73% (17/23)        
2021-04-20T03:09:36.4124817Z remote: Compressing objects:  78