[2021-04-20 03:08:02Z INFO HostContext] No proxy settings were found based on environmental variables (http_proxy/https_proxy/HTTP_PROXY/HTTPS_PROXY)
[2021-04-20 03:08:02Z INFO HostContext] Well known directory 'Bin': 'C:\workspace\vue\vueTest\gittest\testgit\actions-runner\bin'
[2021-04-20 03:08:02Z INFO HostContext] Well known directory 'Root': 'C:\workspace\vue\vueTest\gittest\testgit\actions-runner'
[2021-04-20 03:08:02Z INFO HostContext] Well known config file 'Credentials': 'C:\workspace\vue\vueTest\gittest\testgit\actions-runner\.credentials'
[2021-04-20 03:08:03Z INFO Listener] Runner is built for Windows (X64) - win-x64.
[2021-04-20 03:08:03Z INFO Listener] RuntimeInformation: Microsoft Windows 10.0.19041.
[2021-04-20 03:08:03Z INFO Listener] Version: 2.277.1
[2021-04-20 03:08:03Z INFO Listener] Commit: 183a3dd9a0d4d51feddc5fe9fa6c3b5f8b08343d
[2021-04-20 03:08:03Z INFO Listener] Culture: ko-KR
[2021-04-20 03:08:03Z INFO Listener] UI Culture: ko-KR
[2021-04-20 03:08:03Z INFO HostContext] Well known directory 'Bin': 'C:\workspace\vue\vueTest\gittest\testgit\actions-runner\bin'
[2021-04-20 03:08:03Z INFO HostContext] Well known directory 'Root': 'C:\workspace\vue\vueTest\gittest\testgit\actions-runner'
[2021-04-20 03:08:03Z INFO Listener] Validating directory permissions for: 'C:\workspace\vue\vueTest\gittest\testgit\actions-runner'
[2021-04-20 03:08:03Z INFO CommandLineParser] Parse
[2021-04-20 03:08:03Z INFO CommandLineParser] Parsing 1 args
[2021-04-20 03:08:03Z INFO CommandLineParser] parsing argument
[2021-04-20 03:08:03Z INFO CommandLineParser] HasArgs: False
[2021-04-20 03:08:03Z INFO CommandLineParser] Adding Command: remove
[2021-04-20 03:08:03Z INFO Listener] Arguments parsed
[2021-04-20 03:08:03Z INFO Runner] ExecuteCommand
[2021-04-20 03:08:03Z INFO ConfigurationStore] currentAssemblyLocation: C:\workspace\vue\vueTest\gittest\testgit\actions-runner\bin\Runner.Listener.dll
[2021-04-20 03:08:03Z INFO HostContext] Well known directory 'Bin': 'C:\workspace\vue\vueTest\gittest\testgit\actions-runner\bin'
[2021-04-20 03:08:03Z INFO ConfigurationStore] binPath: C:\workspace\vue\vueTest\gittest\testgit\actions-runner\bin
[2021-04-20 03:08:03Z INFO HostContext] Well known directory 'Bin': 'C:\workspace\vue\vueTest\gittest\testgit\actions-runner\bin'
[2021-04-20 03:08:03Z INFO HostContext] Well known directory 'Root': 'C:\workspace\vue\vueTest\gittest\testgit\actions-runner'
[2021-04-20 03:08:03Z INFO ConfigurationStore] RootFolder: C:\workspace\vue\vueTest\gittest\testgit\actions-runner
[2021-04-20 03:08:03Z INFO HostContext] Well known directory 'Bin': 'C:\workspace\vue\vueTest\gittest\testgit\actions-runner\bin'
[2021-04-20 03:08:03Z INFO HostContext] Well known directory 'Root': 'C:\workspace\vue\vueTest\gittest\testgit\actions-runner'
[2021-04-20 03:08:03Z INFO HostContext] Well known config file 'Runner': 'C:\workspace\vue\vueTest\gittest\testgit\actions-runner\.runner'
[2021-04-20 03:08:03Z INFO ConfigurationStore] ConfigFilePath: C:\workspace\vue\vueTest\gittest\testgit\actions-runner\.runner
[2021-04-20 03:08:03Z INFO HostContext] Well known directory 'Bin': 'C:\workspace\vue\vueTest\gittest\testgit\actions-runner\bin'
[2021-04-20 03:08:03Z INFO HostContext] Well known directory 'Root': 'C:\workspace\vue\vueTest\gittest\testgit\actions-runner'
[2021-04-20 03:08:03Z INFO HostContext] Well known config file 'Credentials': 'C:\workspace\vue\vueTest\gittest\testgit\actions-runner\.credentials'
[2021-04-20 03:08:03Z INFO ConfigurationStore] CredFilePath: C:\workspace\vue\vueTest\gittest\testgit\actions-runner\.credentials
[2021-04-20 03:08:03Z INFO HostContext] Well known directory 'Bin': 'C:\workspace\vue\vueTest\gittest\testgit\actions-runner\bin'
[2021-04-20 03:08:03Z INFO HostContext] Well known directory 'Root': 'C:\workspace\vue\vueTest\gittest\testgit\actions-runner'
[2021-04-20 03:08:03Z INFO HostContext] Well known config file 'MigratedCredentials': 'C:\workspace\vue\vueTest\gittest\testgit\actions-runner\.credentials_migrated'
[2021-04-20 03:08:03Z INFO ConfigurationStore] MigratedCredFilePath: C:\workspace\vue\vueTest\gittest\testgit\actions-runner\.credentials_migrated
[2021-04-20 03:08:03Z INFO HostContext] Well known directory 'Bin': 'C:\workspace\vue\vueTest\gittest\testgit\actions-runner\bin'
[2021-04-20 03:08:03Z INFO HostContext] Well known directory 'Root': 'C:\workspace\vue\vueTest\gittest\testgit\actions-runner'
[2021-04-20 03:08:03Z INFO HostContext] Well known config file 'Service': 'C:\workspace\vue\vueTest\gittest\testgit\actions-runner\.service'
[2021-04-20 03:08:03Z INFO ConfigurationStore] ServiceConfigFilePath: C:\workspace\vue\vueTest\gittest\testgit\actions-runner\.service
[2021-04-20 03:08:03Z INFO CommandSettings] Flag 'help': 'False'
[2021-04-20 03:08:03Z INFO CommandSettings] Flag 'version': 'False'
[2021-04-20 03:08:03Z INFO CommandSettings] Flag 'commit': 'False'
[2021-04-20 03:08:03Z INFO CommandSettings] Flag 'check': 'False'
[2021-04-20 03:08:03Z INFO CommandSettings] Command 'configure': 'False'
[2021-04-20 03:08:03Z INFO CommandSettings] Command 'remove': 'True'
[2021-04-20 03:08:03Z INFO ConfigurationStore] IsServiceConfigured()
[2021-04-20 03:08:03Z INFO ConfigurationStore] IsServiceConfigured: False
[2021-04-20 03:08:03Z INFO ConfigurationStore] IsConfigured()
[2021-04-20 03:08:03Z INFO ConfigurationStore] IsConfigured: True
[2021-04-20 03:08:03Z INFO ConfigurationStore] HasCredentials()
[2021-04-20 03:08:03Z INFO ConfigurationStore] stored True
[2021-04-20 03:08:03Z INFO ConfigurationStore] Read setting file: 300 chars
[2021-04-20 03:08:03Z INFO CommandSettings] Arg 'token': ''
[2021-04-20 03:08:03Z INFO CommandSettings] Flag 'unattended': 'False'
[2021-04-20 03:08:03Z INFO PromptManager] ReadValue
[2021-04-20 03:08:03Z INFO Terminal] WRITE: Enter runner remove token: 
[2021-04-20 03:08:03Z INFO Terminal] READ SECRET
[2021-04-20 03:08:04Z INFO Terminal] Read value: ''
[2021-04-20 03:08:04Z INFO Terminal] WRITE: Enter runner remove token: 
[2021-04-20 03:08:04Z INFO Terminal] READ SECRET
[2021-04-20 03:08:05Z INFO Terminal] Read value: ''
[2021-04-20 03:08:05Z INFO Terminal] WRITE: Enter runner remove token: 
[2021-04-20 03:08:05Z INFO Terminal] READ SECRET
[2021-04-20 03:08:07Z INFO Terminal] Read value: ''
[2021-04-20 03:08:07Z INFO Terminal] WRITE: Enter runner remove token: 
[2021-04-20 03:08:07Z INFO Terminal] READ SECRET
[2021-04-20 03:08:16Z INFO Terminal] Read value: '***'
[2021-04-20 03:08:16Z ERR  Terminal] WRITE ERROR: Http response code: NotFound from 'POST https://api.github.com/actions/runner-registration'
[2021-04-20 03:08:16Z ERR  Terminal] WRITE ERROR: {"message":"Not Found","documentation_url":"https://docs.github.com/rest"}
[2021-04-20 03:08:16Z ERR  Terminal] WRITE ERROR: Failed: Removing runner from the server
[2021-04-20 03:08:16Z ERR  Runner] System.Net.Http.HttpRequestException: Response status code does not indicate success: 404 (Not Found).
   at System.Net.Http.HttpResponseMessage.EnsureSuccessStatusCode()
   at GitHub.Runner.Listener.Configuration.ConfigurationManager.GetTenantCredential(String githubUrl, String githubToken, String runnerEvent)
   at GitHub.Runner.Listener.Configuration.ConfigurationManager.UnconfigureAsync(CommandSettings command)
   at GitHub.Runner.Listener.Runner.ExecuteCommand(CommandSettings command)
[2021-04-20 03:08:16Z ERR  Terminal] WRITE ERROR: Response status code does not indicate success: 404 (Not Found).
[2021-04-20 03:08:16Z INFO Listener] Runner execution has finished with return code 1
