[2021-04-20 03:08:28Z INFO HostContext] No proxy settings were found based on environmental variables (http_proxy/https_proxy/HTTP_PROXY/HTTPS_PROXY)
[2021-04-20 03:08:28Z INFO HostContext] Well known directory 'Bin': 'C:\workspace\vue\vueTest\gittest\testgit\actions-runner\bin'
[2021-04-20 03:08:28Z INFO HostContext] Well known directory 'Root': 'C:\workspace\vue\vueTest\gittest\testgit\actions-runner'
[2021-04-20 03:08:28Z INFO HostContext] Well known config file 'Credentials': 'C:\workspace\vue\vueTest\gittest\testgit\actions-runner\.credentials'
[2021-04-20 03:08:28Z INFO Listener] Runner is built for Windows (X64) - win-x64.
[2021-04-20 03:08:28Z INFO Listener] RuntimeInformation: Microsoft Windows 10.0.19041.
[2021-04-20 03:08:28Z INFO Listener] Version: 2.277.1
[2021-04-20 03:08:28Z INFO Listener] Commit: 183a3dd9a0d4d51feddc5fe9fa6c3b5f8b08343d
[2021-04-20 03:08:28Z INFO Listener] Culture: ko-KR
[2021-04-20 03:08:28Z INFO Listener] UI Culture: ko-KR
[2021-04-20 03:08:28Z INFO HostContext] Well known directory 'Bin': 'C:\workspace\vue\vueTest\gittest\testgit\actions-runner\bin'
[2021-04-20 03:08:28Z INFO HostContext] Well known directory 'Root': 'C:\workspace\vue\vueTest\gittest\testgit\actions-runner'
[2021-04-20 03:08:28Z INFO Listener] Validating directory permissions for: 'C:\workspace\vue\vueTest\gittest\testgit\actions-runner'
[2021-04-20 03:08:28Z INFO CommandLineParser] Parse
[2021-04-20 03:08:28Z INFO CommandLineParser] Parsing 1 args
[2021-04-20 03:08:28Z INFO CommandLineParser] parsing argument
[2021-04-20 03:08:28Z INFO CommandLineParser] HasArgs: False
[2021-04-20 03:08:28Z INFO CommandLineParser] Adding Command: remove
[2021-04-20 03:08:28Z INFO Listener] Arguments parsed
[2021-04-20 03:08:28Z INFO Runner] ExecuteCommand
[2021-04-20 03:08:28Z INFO ConfigurationStore] currentAssemblyLocation: C:\workspace\vue\vueTest\gittest\testgit\actions-runner\bin\Runner.Listener.dll
[2021-04-20 03:08:28Z INFO HostContext] Well known directory 'Bin': 'C:\workspace\vue\vueTest\gittest\testgit\actions-runner\bin'
[2021-04-20 03:08:28Z INFO ConfigurationStore] binPath: C:\workspace\vue\vueTest\gittest\testgit\actions-runner\bin
[2021-04-20 03:08:28Z INFO HostContext] Well known directory 'Bin': 'C:\workspace\vue\vueTest\gittest\testgit\actions-runner\bin'
[2021-04-20 03:08:28Z INFO HostContext] Well known directory 'Root': 'C:\workspace\vue\vueTest\gittest\testgit\actions-runner'
[2021-04-20 03:08:28Z INFO ConfigurationStore] RootFolder: C:\workspace\vue\vueTest\gittest\testgit\actions-runner
[2021-04-20 03:08:28Z INFO HostContext] Well known directory 'Bin': 'C:\workspace\vue\vueTest\gittest\testgit\actions-runner\bin'
[2021-04-20 03:08:28Z INFO HostContext] Well known directory 'Root': 'C:\workspace\vue\vueTest\gittest\testgit\actions-runner'
[2021-04-20 03:08:28Z INFO HostContext] Well known config file 'Runner': 'C:\workspace\vue\vueTest\gittest\testgit\actions-runner\.runner'
[2021-04-20 03:08:28Z INFO ConfigurationStore] ConfigFilePath: C:\workspace\vue\vueTest\gittest\testgit\actions-runner\.runner
[2021-04-20 03:08:28Z INFO HostContext] Well known directory 'Bin': 'C:\workspace\vue\vueTest\gittest\testgit\actions-runner\bin'
[2021-04-20 03:08:28Z INFO HostContext] Well known directory 'Root': 'C:\workspace\vue\vueTest\gittest\testgit\actions-runner'
[2021-04-20 03:08:28Z INFO HostContext] Well known config file 'Credentials': 'C:\workspace\vue\vueTest\gittest\testgit\actions-runner\.credentials'
[2021-04-20 03:08:28Z INFO ConfigurationStore] CredFilePath: C:\workspace\vue\vueTest\gittest\testgit\actions-runner\.credentials
[2021-04-20 03:08:28Z INFO HostContext] Well known directory 'Bin': 'C:\workspace\vue\vueTest\gittest\testgit\actions-runner\bin'
[2021-04-20 03:08:28Z INFO HostContext] Well known directory 'Root': 'C:\workspace\vue\vueTest\gittest\testgit\actions-runner'
[2021-04-20 03:08:28Z INFO HostContext] Well known config file 'MigratedCredentials': 'C:\workspace\vue\vueTest\gittest\testgit\actions-runner\.credentials_migrated'
[2021-04-20 03:08:28Z INFO ConfigurationStore] MigratedCredFilePath: C:\workspace\vue\vueTest\gittest\testgit\actions-runner\.credentials_migrated
[2021-04-20 03:08:28Z INFO HostContext] Well known directory 'Bin': 'C:\workspace\vue\vueTest\gittest\testgit\actions-runner\bin'
[2021-04-20 03:08:28Z INFO HostContext] Well known directory 'Root': 'C:\workspace\vue\vueTest\gittest\testgit\actions-runner'
[2021-04-20 03:08:28Z INFO HostContext] Well known config file 'Service': 'C:\workspace\vue\vueTest\gittest\testgit\actions-runner\.service'
[2021-04-20 03:08:28Z INFO ConfigurationStore] ServiceConfigFilePath: C:\workspace\vue\vueTest\gittest\testgit\actions-runner\.service
[2021-04-20 03:08:28Z INFO CommandSettings] Flag 'help': 'False'
[2021-04-20 03:08:28Z INFO CommandSettings] Flag 'version': 'False'
[2021-04-20 03:08:28Z INFO CommandSettings] Flag 'commit': 'False'
[2021-04-20 03:08:28Z INFO CommandSettings] Flag 'check': 'False'
[2021-04-20 03:08:28Z INFO CommandSettings] Command 'configure': 'False'
[2021-04-20 03:08:28Z INFO CommandSettings] Command 'remove': 'True'
[2021-04-20 03:08:28Z INFO ConfigurationStore] IsServiceConfigured()
[2021-04-20 03:08:28Z INFO ConfigurationStore] IsServiceConfigured: False
[2021-04-20 03:08:28Z INFO ConfigurationStore] IsConfigured()
[2021-04-20 03:08:28Z INFO ConfigurationStore] IsConfigured: True
[2021-04-20 03:08:28Z INFO ConfigurationStore] HasCredentials()
[2021-04-20 03:08:28Z INFO ConfigurationStore] stored True
[2021-04-20 03:08:28Z INFO ConfigurationStore] Read setting file: 300 chars
[2021-04-20 03:08:28Z INFO CommandSettings] Arg 'token': ''
[2021-04-20 03:08:28Z INFO CommandSettings] Flag 'unattended': 'False'
[2021-04-20 03:08:28Z INFO PromptManager] ReadValue
[2021-04-20 03:08:28Z INFO Terminal] WRITE: Enter runner remove token: 
[2021-04-20 03:08:28Z INFO Terminal] READ SECRET
[2021-04-20 03:08:29Z INFO Terminal] Read value: '***'
[2021-04-20 03:08:29Z INFO ConfigurationManager] Http response code: OK from 'POST https://api.github.com/actions/runner-registration'
[2021-04-20 03:08:29Z INFO ConfigurationManager] cred retrieved via GitHub auth
[2021-04-20 03:08:29Z INFO RunnerServer] Establish connection with 100 seconds timeout.
[2021-04-20 03:08:30Z INFO GitHubActionsService] Starting operation Location.GetConnectionData
[2021-04-20 03:08:30Z INFO RunnerServer] Establish connection with 60 seconds timeout.
[2021-04-20 03:08:30Z INFO GitHubActionsService] Starting operation Location.GetConnectionData
[2021-04-20 03:08:30Z INFO RunnerServer] Establish connection with 60 seconds timeout.
[2021-04-20 03:08:30Z INFO GitHubActionsService] Starting operation Location.GetConnectionData
[2021-04-20 03:08:30Z INFO GitHubActionsService] Finished operation Location.GetConnectionData
[2021-04-20 03:08:30Z INFO GitHubActionsService] Finished operation Location.GetConnectionData
[2021-04-20 03:08:30Z INFO GitHubActionsService] Finished operation Location.GetConnectionData
[2021-04-20 03:08:31Z INFO Terminal] WRITE LINE: 
[2021-04-20 03:08:31Z INFO HostContext] Well known directory 'Bin': 'C:\workspace\vue\vueTest\gittest\testgit\actions-runner\bin'
[2021-04-20 03:08:31Z INFO HostContext] Well known directory 'Root': 'C:\workspace\vue\vueTest\gittest\testgit\actions-runner'
[2021-04-20 03:08:31Z INFO HostContext] Well known config file 'RSACredentials': 'C:\workspace\vue\vueTest\gittest\testgit\actions-runner\.credentials_rsaparams'
[2021-04-20 03:08:31Z INFO RSAEncryptedFileKeyManager] Deleting RSA key parameters file C:\workspace\vue\vueTest\gittest\testgit\actions-runner\.credentials_rsaparams
[2021-04-20 03:08:31Z INFO Terminal] WRITE LINE: 
[2021-04-20 03:08:31Z INFO Listener] Runner execution has finished with return code 0
