[2021-04-20 03:07:25Z INFO HostContext] No proxy settings were found based on environmental variables (http_proxy/https_proxy/HTTP_PROXY/HTTPS_PROXY)
[2021-04-20 03:07:25Z INFO HostContext] Well known directory 'Bin': 'C:\workspace\vue\vueTest\gittest\testgit\actions-runner\bin'
[2021-04-20 03:07:25Z INFO HostContext] Well known directory 'Root': 'C:\workspace\vue\vueTest\gittest\testgit\actions-runner'
[2021-04-20 03:07:25Z INFO HostContext] Well known config file 'Credentials': 'C:\workspace\vue\vueTest\gittest\testgit\actions-runner\.credentials'
[2021-04-20 03:07:25Z INFO Listener] Runner is built for Windows (X64) - win-x64.
[2021-04-20 03:07:25Z INFO Listener] RuntimeInformation: Microsoft Windows 10.0.19041.
[2021-04-20 03:07:25Z INFO Listener] Version: 2.277.1
[2021-04-20 03:07:25Z INFO Listener] Commit: 183a3dd9a0d4d51feddc5fe9fa6c3b5f8b08343d
[2021-04-20 03:07:25Z INFO Listener] Culture: ko-KR
[2021-04-20 03:07:25Z INFO Listener] UI Culture: ko-KR
[2021-04-20 03:07:25Z INFO HostContext] Well known directory 'Bin': 'C:\workspace\vue\vueTest\gittest\testgit\actions-runner\bin'
[2021-04-20 03:07:25Z INFO HostContext] Well known directory 'Root': 'C:\workspace\vue\vueTest\gittest\testgit\actions-runner'
[2021-04-20 03:07:25Z INFO Listener] Validating directory permissions for: 'C:\workspace\vue\vueTest\gittest\testgit\actions-runner'
[2021-04-20 03:07:25Z INFO CommandLineParser] Parse
[2021-04-20 03:07:25Z INFO CommandLineParser] Parsing 5 args
[2021-04-20 03:07:25Z INFO CommandLineParser] parsing argument
[2021-04-20 03:07:25Z INFO CommandLineParser] HasArgs: False
[2021-04-20 03:07:25Z INFO CommandLineParser] Adding Command: configure
[2021-04-20 03:07:25Z INFO CommandLineParser] parsing argument
[2021-04-20 03:07:25Z INFO CommandLineParser] HasArgs: True
[2021-04-20 03:07:25Z INFO CommandLineParser] arg: url
[2021-04-20 03:07:25Z INFO CommandLineParser] parsing argument
[2021-04-20 03:07:25Z INFO CommandLineParser] HasArgs: True
[2021-04-20 03:07:25Z INFO CommandLineParser] Adding option 'url': 'https://github.com/lodifillo/testaction'
[2021-04-20 03:07:25Z INFO CommandLineParser] parsing argument
[2021-04-20 03:07:25Z INFO CommandLineParser] HasArgs: True
[2021-04-20 03:07:25Z INFO CommandLineParser] arg: token
[2021-04-20 03:07:25Z INFO CommandLineParser] parsing argument
[2021-04-20 03:07:25Z INFO CommandLineParser] HasArgs: True
[2021-04-20 03:07:25Z INFO CommandLineParser] Adding option 'token': '***'
[2021-04-20 03:07:25Z INFO Listener] Arguments parsed
[2021-04-20 03:07:25Z INFO Runner] ExecuteCommand
[2021-04-20 03:07:25Z INFO ConfigurationStore] currentAssemblyLocation: C:\workspace\vue\vueTest\gittest\testgit\actions-runner\bin\Runner.Listener.dll
[2021-04-20 03:07:25Z INFO HostContext] Well known directory 'Bin': 'C:\workspace\vue\vueTest\gittest\testgit\actions-runner\bin'
[2021-04-20 03:07:25Z INFO ConfigurationStore] binPath: C:\workspace\vue\vueTest\gittest\testgit\actions-runner\bin
[2021-04-20 03:07:25Z INFO HostContext] Well known directory 'Bin': 'C:\workspace\vue\vueTest\gittest\testgit\actions-runner\bin'
[2021-04-20 03:07:25Z INFO HostContext] Well known directory 'Root': 'C:\workspace\vue\vueTest\gittest\testgit\actions-runner'
[2021-04-20 03:07:25Z INFO ConfigurationStore] RootFolder: C:\workspace\vue\vueTest\gittest\testgit\actions-runner
[2021-04-20 03:07:25Z INFO HostContext] Well known directory 'Bin': 'C:\workspace\vue\vueTest\gittest\testgit\actions-runner\bin'
[2021-04-20 03:07:25Z INFO HostContext] Well known directory 'Root': 'C:\workspace\vue\vueTest\gittest\testgit\actions-runner'
[2021-04-20 03:07:25Z INFO HostContext] Well known config file 'Runner': 'C:\workspace\vue\vueTest\gittest\testgit\actions-runner\.runner'
[2021-04-20 03:07:25Z INFO ConfigurationStore] ConfigFilePath: C:\workspace\vue\vueTest\gittest\testgit\actions-runner\.runner
[2021-04-20 03:07:25Z INFO HostContext] Well known directory 'Bin': 'C:\workspace\vue\vueTest\gittest\testgit\actions-runner\bin'
[2021-04-20 03:07:25Z INFO HostContext] Well known directory 'Root': 'C:\workspace\vue\vueTest\gittest\testgit\actions-runner'
[2021-04-20 03:07:25Z INFO HostContext] Well known config file 'Credentials': 'C:\workspace\vue\vueTest\gittest\testgit\actions-runner\.credentials'
[2021-04-20 03:07:25Z INFO ConfigurationStore] CredFilePath: C:\workspace\vue\vueTest\gittest\testgit\actions-runner\.credentials
[2021-04-20 03:07:25Z INFO HostContext] Well known directory 'Bin': 'C:\workspace\vue\vueTest\gittest\testgit\actions-runner\bin'
[2021-04-20 03:07:25Z INFO HostContext] Well known directory 'Root': 'C:\workspace\vue\vueTest\gittest\testgit\actions-runner'
[2021-04-20 03:07:25Z INFO HostContext] Well known config file 'MigratedCredentials': 'C:\workspace\vue\vueTest\gittest\testgit\actions-runner\.credentials_migrated'
[2021-04-20 03:07:25Z INFO ConfigurationStore] MigratedCredFilePath: C:\workspace\vue\vueTest\gittest\testgit\actions-runner\.credentials_migrated
[2021-04-20 03:07:25Z INFO HostContext] Well known directory 'Bin': 'C:\workspace\vue\vueTest\gittest\testgit\actions-runner\bin'
[2021-04-20 03:07:25Z INFO HostContext] Well known directory 'Root': 'C:\workspace\vue\vueTest\gittest\testgit\actions-runner'
[2021-04-20 03:07:25Z INFO HostContext] Well known config file 'Service': 'C:\workspace\vue\vueTest\gittest\testgit\actions-runner\.service'
[2021-04-20 03:07:25Z INFO ConfigurationStore] ServiceConfigFilePath: C:\workspace\vue\vueTest\gittest\testgit\actions-runner\.service
[2021-04-20 03:07:25Z INFO CommandSettings] Flag 'help': 'False'
[2021-04-20 03:07:25Z INFO CommandSettings] Flag 'version': 'False'
[2021-04-20 03:07:25Z INFO CommandSettings] Flag 'commit': 'False'
[2021-04-20 03:07:25Z INFO CommandSettings] Flag 'check': 'False'
[2021-04-20 03:07:25Z INFO CommandSettings] Command 'configure': 'True'
[2021-04-20 03:07:25Z INFO Terminal] WRITE LINE: 
[2021-04-20 03:07:25Z INFO Terminal] WRITE LINE: --------------------------------------------------------------------------------
[2021-04-20 03:07:25Z INFO Terminal] WRITE LINE: |        ____ _ _   _   _       _          _        _   _                      |
[2021-04-20 03:07:25Z INFO Terminal] WRITE LINE: |       / ___(_) |_| | | |_   _| |__      / \   ___| |_(_) ___  _ __  ___      |
[2021-04-20 03:07:25Z INFO Terminal] WRITE LINE: |      | |  _| | __| |_| | | | | '_ \    / _ \ / __| __| |/ _ \| '_ \/ __|     |
[2021-04-20 03:07:25Z INFO Terminal] WRITE LINE: |      | |_| | | |_|  _  | |_| | |_) |  / ___ \ (__| |_| | (_) | | | \__ \     |
[2021-04-20 03:07:25Z INFO Terminal] WRITE LINE: |       \____|_|\__|_| |_|\__,_|_.__/  /_/   \_\___|\__|_|\___/|_| |_|___/     |
[2021-04-20 03:07:25Z INFO Terminal] WRITE LINE: |                                                                              |
[2021-04-20 03:07:25Z INFO Terminal] WRITE: |                       
[2021-04-20 03:07:25Z INFO Terminal] WRITE: Self-hosted runner registration
[2021-04-20 03:07:25Z INFO Terminal] WRITE LINE:                         |
[2021-04-20 03:07:25Z INFO Terminal] WRITE LINE: |                                                                              |
[2021-04-20 03:07:25Z INFO Terminal] WRITE LINE: --------------------------------------------------------------------------------
[2021-04-20 03:07:25Z INFO ConfigurationManager] ConfigureAsync
[2021-04-20 03:07:25Z INFO ConfigurationStore] IsConfigured()
[2021-04-20 03:07:25Z INFO ConfigurationStore] IsConfigured: True
[2021-04-20 03:07:25Z INFO ConfigurationManager] Is configured: True
[2021-04-20 03:07:25Z ERR  Runner] System.InvalidOperationException: Cannot configure the runner because it is already configured. To reconfigure the runner, run 'config.cmd remove' or './config.sh remove' first.
   at GitHub.Runner.Listener.Configuration.ConfigurationManager.ConfigureAsync(CommandSettings command)
   at GitHub.Runner.Listener.Runner.ExecuteCommand(CommandSettings command)
[2021-04-20 03:07:25Z ERR  Terminal] WRITE ERROR: Cannot configure the runner because it is already configured. To reconfigure the runner, run 'config.cmd remove' or './config.sh remove' first.
[2021-04-20 03:07:25Z INFO Listener] Runner execution has finished with return code 1
