[2021-04-20 03:08:50Z INFO HostContext] No proxy settings were found based on environmental variables (http_proxy/https_proxy/HTTP_PROXY/HTTPS_PROXY)
[2021-04-20 03:08:50Z INFO HostContext] Well known directory 'Bin': 'C:\workspace\vue\vueTest\gittest\testgit\actions-runner\bin'
[2021-04-20 03:08:50Z INFO HostContext] Well known directory 'Root': 'C:\workspace\vue\vueTest\gittest\testgit\actions-runner'
[2021-04-20 03:08:50Z INFO HostContext] Well known config file 'Credentials': 'C:\workspace\vue\vueTest\gittest\testgit\actions-runner\.credentials'
[2021-04-20 03:08:50Z INFO Listener] Runner is built for Windows (X64) - win-x64.
[2021-04-20 03:08:50Z INFO Listener] RuntimeInformation: Microsoft Windows 10.0.19041.
[2021-04-20 03:08:50Z INFO Listener] Version: 2.277.1
[2021-04-20 03:08:50Z INFO Listener] Commit: 183a3dd9a0d4d51feddc5fe9fa6c3b5f8b08343d
[2021-04-20 03:08:50Z INFO Listener] Culture: ko-KR
[2021-04-20 03:08:50Z INFO Listener] UI Culture: ko-KR
[2021-04-20 03:08:50Z INFO HostContext] Well known directory 'Bin': 'C:\workspace\vue\vueTest\gittest\testgit\actions-runner\bin'
[2021-04-20 03:08:50Z INFO HostContext] Well known directory 'Root': 'C:\workspace\vue\vueTest\gittest\testgit\actions-runner'
[2021-04-20 03:08:50Z INFO Listener] Validating directory permissions for: 'C:\workspace\vue\vueTest\gittest\testgit\actions-runner'
[2021-04-20 03:08:50Z INFO CommandLineParser] Parse
[2021-04-20 03:08:50Z INFO CommandLineParser] Parsing 1 args
[2021-04-20 03:08:50Z INFO CommandLineParser] parsing argument
[2021-04-20 03:08:50Z INFO CommandLineParser] HasArgs: False
[2021-04-20 03:08:50Z INFO CommandLineParser] Adding Command: run
[2021-04-20 03:08:50Z INFO Listener] Arguments parsed
[2021-04-20 03:08:50Z INFO Runner] ExecuteCommand
[2021-04-20 03:08:50Z INFO ConfigurationStore] currentAssemblyLocation: C:\workspace\vue\vueTest\gittest\testgit\actions-runner\bin\Runner.Listener.dll
[2021-04-20 03:08:50Z INFO HostContext] Well known directory 'Bin': 'C:\workspace\vue\vueTest\gittest\testgit\actions-runner\bin'
[2021-04-20 03:08:50Z INFO ConfigurationStore] binPath: C:\workspace\vue\vueTest\gittest\testgit\actions-runner\bin
[2021-04-20 03:08:50Z INFO HostContext] Well known directory 'Bin': 'C:\workspace\vue\vueTest\gittest\testgit\actions-runner\bin'
[2021-04-20 03:08:50Z INFO HostContext] Well known directory 'Root': 'C:\workspace\vue\vueTest\gittest\testgit\actions-runner'
[2021-04-20 03:08:50Z INFO ConfigurationStore] RootFolder: C:\workspace\vue\vueTest\gittest\testgit\actions-runner
[2021-04-20 03:08:50Z INFO HostContext] Well known directory 'Bin': 'C:\workspace\vue\vueTest\gittest\testgit\actions-runner\bin'
[2021-04-20 03:08:50Z INFO HostContext] Well known directory 'Root': 'C:\workspace\vue\vueTest\gittest\testgit\actions-runner'
[2021-04-20 03:08:50Z INFO HostContext] Well known config file 'Runner': 'C:\workspace\vue\vueTest\gittest\testgit\actions-runner\.runner'
[2021-04-20 03:08:50Z INFO ConfigurationStore] ConfigFilePath: C:\workspace\vue\vueTest\gittest\testgit\actions-runner\.runner
[2021-04-20 03:08:50Z INFO HostContext] Well known directory 'Bin': 'C:\workspace\vue\vueTest\gittest\testgit\actions-runner\bin'
[2021-04-20 03:08:50Z INFO HostContext] Well known directory 'Root': 'C:\workspace\vue\vueTest\gittest\testgit\actions-runner'
[2021-04-20 03:08:50Z INFO HostContext] Well known config file 'Credentials': 'C:\workspace\vue\vueTest\gittest\testgit\actions-runner\.credentials'
[2021-04-20 03:08:50Z INFO ConfigurationStore] CredFilePath: C:\workspace\vue\vueTest\gittest\testgit\actions-runner\.credentials
[2021-04-20 03:08:50Z INFO HostContext] Well known directory 'Bin': 'C:\workspace\vue\vueTest\gittest\testgit\actions-runner\bin'
[2021-04-20 03:08:50Z INFO HostContext] Well known directory 'Root': 'C:\workspace\vue\vueTest\gittest\testgit\actions-runner'
[2021-04-20 03:08:50Z INFO HostContext] Well known config file 'MigratedCredentials': 'C:\workspace\vue\vueTest\gittest\testgit\actions-runner\.credentials_migrated'
[2021-04-20 03:08:50Z INFO ConfigurationStore] MigratedCredFilePath: C:\workspace\vue\vueTest\gittest\testgit\actions-runner\.credentials_migrated
[2021-04-20 03:08:50Z INFO HostContext] Well known directory 'Bin': 'C:\workspace\vue\vueTest\gittest\testgit\actions-runner\bin'
[2021-04-20 03:08:50Z INFO HostContext] Well known directory 'Root': 'C:\workspace\vue\vueTest\gittest\testgit\actions-runner'
[2021-04-20 03:08:50Z INFO HostContext] Well known config file 'Service': 'C:\workspace\vue\vueTest\gittest\testgit\actions-runner\.service'
[2021-04-20 03:08:50Z INFO ConfigurationStore] ServiceConfigFilePath: C:\workspace\vue\vueTest\gittest\testgit\actions-runner\.service
[2021-04-20 03:08:50Z INFO CommandSettings] Flag 'help': 'False'
[2021-04-20 03:08:50Z INFO CommandSettings] Flag 'version': 'False'
[2021-04-20 03:08:50Z INFO CommandSettings] Flag 'commit': 'False'
[2021-04-20 03:08:50Z INFO CommandSettings] Flag 'check': 'False'
[2021-04-20 03:08:50Z INFO CommandSettings] Command 'configure': 'False'
[2021-04-20 03:08:50Z INFO CommandSettings] Command 'remove': 'False'
[2021-04-20 03:08:50Z INFO CommandSettings] Command 'warmup': 'False'
[2021-04-20 03:08:50Z INFO ConfigurationManager] LoadSettings
[2021-04-20 03:08:50Z INFO ConfigurationStore] IsConfigured()
[2021-04-20 03:08:50Z INFO ConfigurationStore] IsConfigured: True
[2021-04-20 03:08:50Z INFO ConfigurationManager] Is configured: True
[2021-04-20 03:08:50Z INFO ConfigurationStore] Read setting file: 300 chars
[2021-04-20 03:08:50Z INFO ConfigurationManager] Settings Loaded
[2021-04-20 03:08:50Z INFO ConfigurationStore] IsServiceConfigured()
[2021-04-20 03:08:50Z INFO ConfigurationStore] IsServiceConfigured: False
[2021-04-20 03:08:50Z INFO CommandSettings] Command 'run': 'True'
[2021-04-20 03:08:50Z INFO ConfigurationStore] IsConfigured()
[2021-04-20 03:08:50Z INFO ConfigurationStore] IsConfigured: True
[2021-04-20 03:08:50Z INFO ConfigurationManager] Is configured: True
[2021-04-20 03:08:50Z INFO Runner] Could not parse the argument value '' for StartupType. Defaulting to Manual
[2021-04-20 03:08:50Z INFO Runner] Set runner startup type - Manual
[2021-04-20 03:08:50Z INFO CommandSettings] Flag 'once': 'False'
[2021-04-20 03:08:50Z INFO Runner] RunAsync
[2021-04-20 03:08:50Z INFO ConfigurationManager] LoadSettings
[2021-04-20 03:08:50Z INFO ConfigurationStore] IsConfigured()
[2021-04-20 03:08:50Z INFO ConfigurationStore] IsConfigured: True
[2021-04-20 03:08:50Z INFO ConfigurationManager] Is configured: True
[2021-04-20 03:08:50Z INFO ConfigurationManager] Settings Loaded
[2021-04-20 03:08:50Z INFO MessageListener] {
  "AgentId": 3,
  "AgentName": "DESKTOP-KJSEIT9",
  "PoolId": 1,
  "PoolName": "Default",
  "ServerUrl": "https://pipelines.actions.githubusercontent.com/vo6y0N1HgAHDxes0D9agxXDGpUYLvGc0fuL3Q5vCTxeGJzKiIS",
  "GitHubUrl": "https://github.com/lodifillo/testaction",
  "WorkFolder": "_work"
}
[2021-04-20 03:08:50Z INFO MessageListener] Loading Credentials
[2021-04-20 03:08:50Z INFO ConfigurationStore] HasCredentials()
[2021-04-20 03:08:50Z INFO ConfigurationStore] stored True
[2021-04-20 03:08:50Z INFO CredentialManager] GetCredentialProvider
[2021-04-20 03:08:50Z INFO CredentialManager] Creating type OAuth
[2021-04-20 03:08:50Z INFO CredentialManager] Creating credential type: OAuth
[2021-04-20 03:08:50Z INFO HostContext] Well known directory 'Bin': 'C:\workspace\vue\vueTest\gittest\testgit\actions-runner\bin'
[2021-04-20 03:08:50Z INFO HostContext] Well known directory 'Root': 'C:\workspace\vue\vueTest\gittest\testgit\actions-runner'
[2021-04-20 03:08:50Z INFO HostContext] Well known config file 'RSACredentials': 'C:\workspace\vue\vueTest\gittest\testgit\actions-runner\.credentials_rsaparams'
[2021-04-20 03:08:50Z INFO RSAEncryptedFileKeyManager] Loading RSA key parameters from file C:\workspace\vue\vueTest\gittest\testgit\actions-runner\.credentials_rsaparams
[2021-04-20 03:08:50Z INFO MessageListener] Attempt to create session.
[2021-04-20 03:08:50Z INFO MessageListener] Connecting to the Runner Server...
[2021-04-20 03:08:50Z INFO RunnerServer] Establish connection with 100 seconds timeout.
[2021-04-20 03:08:50Z INFO GitHubActionsService] Starting operation Location.GetConnectionData
[2021-04-20 03:08:50Z INFO RunnerServer] Establish connection with 60 seconds timeout.
[2021-04-20 03:08:50Z INFO GitHubActionsService] Starting operation Location.GetConnectionData
[2021-04-20 03:08:50Z INFO RunnerServer] Establish connection with 60 seconds timeout.
[2021-04-20 03:08:50Z INFO GitHubActionsService] Starting operation Location.GetConnectionData
[2021-04-20 03:08:51Z INFO GitHubActionsService] Finished operation Location.GetConnectionData
[2021-04-20 03:08:51Z INFO GitHubActionsService] Finished operation Location.GetConnectionData
[2021-04-20 03:08:51Z INFO GitHubActionsService] Finished operation Location.GetConnectionData
[2021-04-20 03:08:51Z INFO MessageListener] VssConnection created
[2021-04-20 03:08:51Z INFO Terminal] WRITE LINE: 
[2021-04-20 03:08:51Z INFO Terminal] WRITE LINE: 
[2021-04-20 03:08:51Z WARN GitHubActionsService] Authentication failed with status code 401.
Transfer-Encoding: chunked
WWW-Authenticate: Bearer
Strict-Transport-Security: max-age=2592000
X-TFS-ProcessId: d2d21e24-4acb-4743-b44c-cef840c44f75
ActivityId: d70a61ea-1648-44c0-9e5b-e69adc19b369
X-TFS-Session: f554c865-44b8-466b-9372-acbe9622a4c1
X-VSS-E2EID: c81783c9-53ca-4609-a5b1-74c7ed9cfbaf
X-VSS-SenderDeploymentId: 2c974d96-2c30-cef5-eff2-3e0511a903a5
X-TFS-ServiceError: The+user+%27System%3aPublicAccess%3baaaaaaaa-aaaa-aaaa-aaaa-aaaaaaaaaaaa%27+is+not+authorized+to+access+this+resource.
X-VSS-S2STargetService: 0000005A-0000-8888-8000-000000000000/visualstudio.com
X-MSEdge-Ref: Ref A: 12B6C3DE78E2453D9EBED6A83C6D01B6 Ref B: SLAEDGE1112 Ref C: 2021-04-20T03:08:50Z
Date: Tue, 20 Apr 2021 03:08:49 GMT

[2021-04-20 03:08:51Z INFO RSAEncryptedFileKeyManager] Loading RSA key parameters from file C:\workspace\vue\vueTest\gittest\testgit\actions-runner\.credentials_rsaparams
[2021-04-20 03:08:51Z INFO RSAEncryptedFileKeyManager] Loading RSA key parameters from file C:\workspace\vue\vueTest\gittest\testgit\actions-runner\.credentials_rsaparams
[2021-04-20 03:08:51Z INFO GitHubActionsService] AAD Correlation ID for this token request: Unknown
[2021-04-20 03:08:52Z INFO MessageListener] Session created.
[2021-04-20 03:08:52Z INFO Terminal] WRITE LINE: 2021-04-20 03:08:52Z: Listening for Jobs
[2021-04-20 03:08:52Z INFO JobDispatcher] Set runner/worker IPC timeout to 30 seconds.
[2021-04-20 03:09:25Z INFO RSAEncryptedFileKeyManager] Loading RSA key parameters from file C:\workspace\vue\vueTest\gittest\testgit\actions-runner\.credentials_rsaparams
[2021-04-20 03:09:25Z INFO MessageListener] Message '1' received from session '959565fd-6e7b-46a6-99db-d2b729fbc60b'.
[2021-04-20 03:09:25Z INFO JobDispatcher] Job request 1 for plan 12160eb8-2ea2-4dd0-b385-9c76d9723faa job ca395085-040a-526b-2ce8-bdc85f692774 received.
[2021-04-20 03:09:25Z INFO JobDispatcher] Pull OrchestrationId 12160eb8-2ea2-4dd0-b385-9c76d9723faa.build.__default from JWT claims
[2021-04-20 03:09:25Z INFO Terminal] WRITE LINE: 2021-04-20 03:09:25Z: Running job: build
[2021-04-20 03:09:25Z INFO JobDispatcher] Start renew job request 1 for job ca395085-040a-526b-2ce8-bdc85f692774.
[2021-04-20 03:09:26Z INFO JobDispatcher] Successfully renew job request 1, job is valid till 2021-04-20 오전 3:19:25
[2021-04-20 03:09:26Z INFO HostContext] Well known directory 'Bin': 'C:\workspace\vue\vueTest\gittest\testgit\actions-runner\bin'
[2021-04-20 03:09:26Z INFO ProcessInvokerWrapper] Starting process:
[2021-04-20 03:09:26Z INFO ProcessInvokerWrapper]   File name: 'C:\workspace\vue\vueTest\gittest\testgit\actions-runner\bin\Runner.Worker.exe'
[2021-04-20 03:09:26Z INFO ProcessInvokerWrapper]   Arguments: 'spawnclient 2192 2204'
[2021-04-20 03:09:26Z INFO ProcessInvokerWrapper]   Working directory: 'C:\workspace\vue\vueTest\gittest\testgit\actions-runner\bin'
[2021-04-20 03:09:26Z INFO ProcessInvokerWrapper]   Require exit code zero: 'False'
[2021-04-20 03:09:26Z INFO ProcessInvokerWrapper]   Encoding web name:  ; code page: ''
[2021-04-20 03:09:26Z INFO ProcessInvokerWrapper]   Force kill process on cancellation: 'True'
[2021-04-20 03:09:26Z INFO ProcessInvokerWrapper]   Redirected STDIN: 'False'
[2021-04-20 03:09:26Z INFO ProcessInvokerWrapper]   Persist current code page: 'False'
[2021-04-20 03:09:26Z INFO ProcessInvokerWrapper]   Keep redirected STDIN open: 'False'
[2021-04-20 03:09:26Z INFO ProcessInvokerWrapper]   High priority process: 'True'
[2021-04-20 03:09:26Z INFO ProcessInvokerWrapper] Process started with process id 19536, waiting for process exit.
[2021-04-20 03:09:26Z INFO JobDispatcher] Send job request message to worker for job ca395085-040a-526b-2ce8-bdc85f692774.
[2021-04-20 03:09:27Z INFO JobNotification] Entering JobStarted Notification
[2021-04-20 03:09:27Z INFO JobNotification] Entering StartMonitor
