[2021-04-20 03:08:37Z INFO HostContext] No proxy settings were found based on environmental variables (http_proxy/https_proxy/HTTP_PROXY/HTTPS_PROXY)
[2021-04-20 03:08:37Z INFO HostContext] Well known directory 'Bin': 'C:\workspace\vue\vueTest\gittest\testgit\actions-runner\bin'
[2021-04-20 03:08:37Z INFO HostContext] Well known directory 'Root': 'C:\workspace\vue\vueTest\gittest\testgit\actions-runner'
[2021-04-20 03:08:37Z INFO HostContext] Well known config file 'Credentials': 'C:\workspace\vue\vueTest\gittest\testgit\actions-runner\.credentials'
[2021-04-20 03:08:37Z INFO Listener] Runner is built for Windows (X64) - win-x64.
[2021-04-20 03:08:37Z INFO Listener] RuntimeInformation: Microsoft Windows 10.0.19041.
[2021-04-20 03:08:37Z INFO Listener] Version: 2.277.1
[2021-04-20 03:08:37Z INFO Listener] Commit: 183a3dd9a0d4d51feddc5fe9fa6c3b5f8b08343d
[2021-04-20 03:08:37Z INFO Listener] Culture: ko-KR
[2021-04-20 03:08:37Z INFO Listener] UI Culture: ko-KR
[2021-04-20 03:08:37Z INFO HostContext] Well known directory 'Bin': 'C:\workspace\vue\vueTest\gittest\testgit\actions-runner\bin'
[2021-04-20 03:08:37Z INFO HostContext] Well known directory 'Root': 'C:\workspace\vue\vueTest\gittest\testgit\actions-runner'
[2021-04-20 03:08:37Z INFO Listener] Validating directory permissions for: 'C:\workspace\vue\vueTest\gittest\testgit\actions-runner'
[2021-04-20 03:08:37Z INFO CommandLineParser] Parse
[2021-04-20 03:08:37Z INFO CommandLineParser] Parsing 5 args
[2021-04-20 03:08:37Z INFO CommandLineParser] parsing argument
[2021-04-20 03:08:37Z INFO CommandLineParser] HasArgs: False
[2021-04-20 03:08:37Z INFO CommandLineParser] Adding Command: configure
[2021-04-20 03:08:37Z INFO CommandLineParser] parsing argument
[2021-04-20 03:08:37Z INFO CommandLineParser] HasArgs: True
[2021-04-20 03:08:37Z INFO CommandLineParser] arg: url
[2021-04-20 03:08:37Z INFO CommandLineParser] parsing argument
[2021-04-20 03:08:37Z INFO CommandLineParser] HasArgs: True
[2021-04-20 03:08:37Z INFO CommandLineParser] Adding option 'url': 'https://github.com/lodifillo/testaction'
[2021-04-20 03:08:37Z INFO CommandLineParser] parsing argument
[2021-04-20 03:08:37Z INFO CommandLineParser] HasArgs: True
[2021-04-20 03:08:37Z INFO CommandLineParser] arg: token
[2021-04-20 03:08:37Z INFO CommandLineParser] parsing argument
[2021-04-20 03:08:37Z INFO CommandLineParser] HasArgs: True
[2021-04-20 03:08:37Z INFO CommandLineParser] Adding option 'token': '***'
[2021-04-20 03:08:37Z INFO Listener] Arguments parsed
[2021-04-20 03:08:37Z INFO Runner] ExecuteCommand
[2021-04-20 03:08:37Z INFO ConfigurationStore] currentAssemblyLocation: C:\workspace\vue\vueTest\gittest\testgit\actions-runner\bin\Runner.Listener.dll
[2021-04-20 03:08:37Z INFO HostContext] Well known directory 'Bin': 'C:\workspace\vue\vueTest\gittest\testgit\actions-runner\bin'
[2021-04-20 03:08:37Z INFO ConfigurationStore] binPath: C:\workspace\vue\vueTest\gittest\testgit\actions-runner\bin
[2021-04-20 03:08:37Z INFO HostContext] Well known directory 'Bin': 'C:\workspace\vue\vueTest\gittest\testgit\actions-runner\bin'
[2021-04-20 03:08:37Z INFO HostContext] Well known directory 'Root': 'C:\workspace\vue\vueTest\gittest\testgit\actions-runner'
[2021-04-20 03:08:37Z INFO ConfigurationStore] RootFolder: C:\workspace\vue\vueTest\gittest\testgit\actions-runner
[2021-04-20 03:08:37Z INFO HostContext] Well known directory 'Bin': 'C:\workspace\vue\vueTest\gittest\testgit\actions-runner\bin'
[2021-04-20 03:08:37Z INFO HostContext] Well known directory 'Root': 'C:\workspace\vue\vueTest\gittest\testgit\actions-runner'
[2021-04-20 03:08:37Z INFO HostContext] Well known config file 'Runner': 'C:\workspace\vue\vueTest\gittest\testgit\actions-runner\.runner'
[2021-04-20 03:08:37Z INFO ConfigurationStore] ConfigFilePath: C:\workspace\vue\vueTest\gittest\testgit\actions-runner\.runner
[2021-04-20 03:08:37Z INFO HostContext] Well known directory 'Bin': 'C:\workspace\vue\vueTest\gittest\testgit\actions-runner\bin'
[2021-04-20 03:08:37Z INFO HostContext] Well known directory 'Root': 'C:\workspace\vue\vueTest\gittest\testgit\actions-runner'
[2021-04-20 03:08:37Z INFO HostContext] Well known config file 'Credentials': 'C:\workspace\vue\vueTest\gittest\testgit\actions-runner\.credentials'
[2021-04-20 03:08:37Z INFO ConfigurationStore] CredFilePath: C:\workspace\vue\vueTest\gittest\testgit\actions-runner\.credentials
[2021-04-20 03:08:37Z INFO HostContext] Well known directory 'Bin': 'C:\workspace\vue\vueTest\gittest\testgit\actions-runner\bin'
[2021-04-20 03:08:37Z INFO HostContext] Well known directory 'Root': 'C:\workspace\vue\vueTest\gittest\testgit\actions-runner'
[2021-04-20 03:08:37Z INFO HostContext] Well known config file 'MigratedCredentials': 'C:\workspace\vue\vueTest\gittest\testgit\actions-runner\.credentials_migrated'
[2021-04-20 03:08:37Z INFO ConfigurationStore] MigratedCredFilePath: C:\workspace\vue\vueTest\gittest\testgit\actions-runner\.credentials_migrated
[2021-04-20 03:08:37Z INFO HostContext] Well known directory 'Bin': 'C:\workspace\vue\vueTest\gittest\testgit\actions-runner\bin'
[2021-04-20 03:08:37Z INFO HostContext] Well known directory 'Root': 'C:\workspace\vue\vueTest\gittest\testgit\actions-runner'
[2021-04-20 03:08:37Z INFO HostContext] Well known config file 'Service': 'C:\workspace\vue\vueTest\gittest\testgit\actions-runner\.service'
[2021-04-20 03:08:37Z INFO ConfigurationStore] ServiceConfigFilePath: C:\workspace\vue\vueTest\gittest\testgit\actions-runner\.service
[2021-04-20 03:08:37Z INFO CommandSettings] Flag 'help': 'False'
[2021-04-20 03:08:37Z INFO CommandSettings] Flag 'version': 'False'
[2021-04-20 03:08:37Z INFO CommandSettings] Flag 'commit': 'False'
[2021-04-20 03:08:37Z INFO CommandSettings] Flag 'check': 'False'
[2021-04-20 03:08:37Z INFO CommandSettings] Command 'configure': 'True'
[2021-04-20 03:08:37Z INFO Terminal] WRITE LINE: 
[2021-04-20 03:08:37Z INFO Terminal] WRITE LINE: --------------------------------------------------------------------------------
[2021-04-20 03:08:37Z INFO Terminal] WRITE LINE: |        ____ _ _   _   _       _          _        _   _                      |
[2021-04-20 03:08:37Z INFO Terminal] WRITE LINE: |       / ___(_) |_| | | |_   _| |__      / \   ___| |_(_) ___  _ __  ___      |
[2021-04-20 03:08:37Z INFO Terminal] WRITE LINE: |      | |  _| | __| |_| | | | | '_ \    / _ \ / __| __| |/ _ \| '_ \/ __|     |
[2021-04-20 03:08:37Z INFO Terminal] WRITE LINE: |      | |_| | | |_|  _  | |_| | |_) |  / ___ \ (__| |_| | (_) | | | \__ \     |
[2021-04-20 03:08:37Z INFO Terminal] WRITE LINE: |       \____|_|\__|_| |_|\__,_|_.__/  /_/   \_\___|\__|_|\___/|_| |_|___/     |
[2021-04-20 03:08:37Z INFO Terminal] WRITE LINE: |                                                                              |
[2021-04-20 03:08:37Z INFO Terminal] WRITE: |                       
[2021-04-20 03:08:37Z INFO Terminal] WRITE: Self-hosted runner registration
[2021-04-20 03:08:37Z INFO Terminal] WRITE LINE:                         |
[2021-04-20 03:08:37Z INFO Terminal] WRITE LINE: |                                                                              |
[2021-04-20 03:08:37Z INFO Terminal] WRITE LINE: --------------------------------------------------------------------------------
[2021-04-20 03:08:37Z INFO ConfigurationManager] ConfigureAsync
[2021-04-20 03:08:37Z INFO ConfigurationStore] IsConfigured()
[2021-04-20 03:08:37Z INFO ConfigurationStore] IsConfigured: False
[2021-04-20 03:08:37Z INFO ConfigurationManager] Is configured: False
[2021-04-20 03:08:37Z INFO CommandSettings] Arg 'url': 'https://github.com/lodifillo/testaction'
[2021-04-20 03:08:37Z INFO CommandSettings] Remove url from Arg dictionary.
[2021-04-20 03:08:37Z INFO CommandSettings] Arg 'token': '***'
[2021-04-20 03:08:37Z INFO CommandSettings] Remove token from Arg dictionary.
[2021-04-20 03:08:38Z INFO ConfigurationManager] Http response code: OK from 'POST https://api.github.com/actions/runner-registration'
[2021-04-20 03:08:38Z INFO ConfigurationManager] cred retrieved via GitHub auth
[2021-04-20 03:08:38Z INFO RunnerServer] Establish connection with 100 seconds timeout.
[2021-04-20 03:08:38Z INFO GitHubActionsService] Starting operation Location.GetConnectionData
[2021-04-20 03:08:38Z INFO RunnerServer] Establish connection with 60 seconds timeout.
[2021-04-20 03:08:38Z INFO GitHubActionsService] Starting operation Location.GetConnectionData
[2021-04-20 03:08:38Z INFO RunnerServer] Establish connection with 60 seconds timeout.
[2021-04-20 03:08:38Z INFO GitHubActionsService] Starting operation Location.GetConnectionData
[2021-04-20 03:08:38Z INFO GitHubActionsService] Finished operation Location.GetConnectionData
[2021-04-20 03:08:39Z INFO GitHubActionsService] Finished operation Location.GetConnectionData
[2021-04-20 03:08:39Z INFO GitHubActionsService] Finished operation Location.GetConnectionData
[2021-04-20 03:08:39Z INFO Terminal] WRITE LINE: 
[2021-04-20 03:08:39Z INFO ConfigurationManager] Test Connection complete.
[2021-04-20 03:08:39Z INFO HostContext] Well known directory 'Bin': 'C:\workspace\vue\vueTest\gittest\testgit\actions-runner\bin'
[2021-04-20 03:08:39Z INFO HostContext] Well known directory 'Root': 'C:\workspace\vue\vueTest\gittest\testgit\actions-runner'
[2021-04-20 03:08:39Z INFO HostContext] Well known config file 'RSACredentials': 'C:\workspace\vue\vueTest\gittest\testgit\actions-runner\.credentials_rsaparams'
[2021-04-20 03:08:39Z INFO RSAEncryptedFileKeyManager] Creating new RSA key using 2048-bit key length
[2021-04-20 03:08:39Z INFO RSAEncryptedFileKeyManager] Successfully saved RSA key parameters to file C:\workspace\vue\vueTest\gittest\testgit\actions-runner\.credentials_rsaparams
[2021-04-20 03:08:39Z INFO ConfigurationManager] Found a self-hosted runner group with id {1} and name {2} 1, Default
[2021-04-20 03:08:39Z INFO CommandSettings] Arg 'name': ''
[2021-04-20 03:08:39Z INFO CommandSettings] Flag 'unattended': 'False'
[2021-04-20 03:08:39Z INFO PromptManager] ReadValue
[2021-04-20 03:08:39Z INFO Terminal] WRITE: Enter the name of runner: 
[2021-04-20 03:08:39Z INFO Terminal] WRITE: [press Enter for DESKTOP-KJSEIT9] 
[2021-04-20 03:08:39Z INFO Terminal] READ LINE
[2021-04-20 03:08:40Z INFO Terminal] Read value: ''
[2021-04-20 03:08:40Z INFO PromptManager] Falling back to the default: 'DESKTOP-KJSEIT9'
[2021-04-20 03:08:40Z INFO Terminal] WRITE LINE: 
[2021-04-20 03:08:40Z INFO CommandSettings] Arg 'labels': ''
[2021-04-20 03:08:40Z INFO CommandSettings] Flag 'unattended': 'False'
[2021-04-20 03:08:40Z INFO PromptManager] ReadValue
[2021-04-20 03:08:40Z INFO Terminal] WRITE: This runner will have the following labels: 'self-hosted', 'Windows', 'X64' 
Enter any additional labels (ex. label-1,label-2): 
[2021-04-20 03:08:40Z INFO Terminal] WRITE: [press Enter to skip] 
[2021-04-20 03:08:40Z INFO Terminal] READ LINE
[2021-04-20 03:08:40Z INFO Terminal] Read value: ''
[2021-04-20 03:08:40Z INFO Terminal] WRITE LINE: 
[2021-04-20 03:08:41Z INFO ConfigurationStore] Saving OAuth credential @ C:\workspace\vue\vueTest\gittest\testgit\actions-runner\.credentials
[2021-04-20 03:08:41Z INFO ConfigurationStore] Credentials Saved.
[2021-04-20 03:08:41Z INFO ConfigurationStore] HasCredentials()
[2021-04-20 03:08:41Z INFO ConfigurationStore] stored True
[2021-04-20 03:08:41Z INFO CredentialManager] GetCredentialProvider
[2021-04-20 03:08:41Z INFO CredentialManager] Creating type OAuth
[2021-04-20 03:08:41Z INFO CredentialManager] Creating credential type: OAuth
[2021-04-20 03:08:41Z INFO RSAEncryptedFileKeyManager] Loading RSA key parameters from file C:\workspace\vue\vueTest\gittest\testgit\actions-runner\.credentials_rsaparams
[2021-04-20 03:08:41Z INFO RunnerServer] Establish connection with 100 seconds timeout.
[2021-04-20 03:08:41Z INFO GitHubActionsService] Starting operation Location.GetConnectionData
[2021-04-20 03:08:41Z INFO RunnerServer] Establish connection with 60 seconds timeout.
[2021-04-20 03:08:41Z INFO GitHubActionsService] Starting operation Location.GetConnectionData
[2021-04-20 03:08:41Z INFO RunnerServer] Establish connection with 60 seconds timeout.
[2021-04-20 03:08:41Z INFO GitHubActionsService] Starting operation Location.GetConnectionData
[2021-04-20 03:08:42Z INFO GitHubActionsService] Finished operation Location.GetConnectionData
[2021-04-20 03:08:42Z INFO GitHubActionsService] Finished operation Location.GetConnectionData
[2021-04-20 03:08:42Z INFO GitHubActionsService] Finished operation Location.GetConnectionData
[2021-04-20 03:08:42Z WARN GitHubActionsService] Authentication failed with status code 401.
WWW-Authenticate: Bearer
Strict-Transport-Security: max-age=2592000
X-TFS-ProcessId: c0b1787e-2675-40d2-8ae3-5f024730114a
ActivityId: 93af3077-947b-4c2a-838c-e243649ab603
X-TFS-Session: d3cbfa75-00be-4426-93f5-d8bc009d4361
X-VSS-E2EID: 4746d204-eef9-47b0-b26a-dab13c723f23
X-VSS-SenderDeploymentId: 2c974d96-2c30-cef5-eff2-3e0511a903a5
X-TFS-ServiceError: The+user+%27System%3aPublicAccess%3baaaaaaaa-aaaa-aaaa-aaaa-aaaaaaaaaaaa%27+is+not+authorized+to+access+this+resource.
X-VSS-S2STargetService: 0000005A-0000-8888-8000-000000000000/visualstudio.com
X-MSEdge-Ref: Ref A: 18A093A93E434C40A04CD6858D67A438 Ref B: SLAEDGE1120 Ref C: 2021-04-20T03:08:41Z
Date: Tue, 20 Apr 2021 03:08:41 GMT

[2021-04-20 03:08:42Z INFO RSAEncryptedFileKeyManager] Loading RSA key parameters from file C:\workspace\vue\vueTest\gittest\testgit\actions-runner\.credentials_rsaparams
[2021-04-20 03:08:42Z INFO RSAEncryptedFileKeyManager] Loading RSA key parameters from file C:\workspace\vue\vueTest\gittest\testgit\actions-runner\.credentials_rsaparams
[2021-04-20 03:08:42Z INFO GitHubActionsService] AAD Correlation ID for this token request: Unknown
[2021-04-20 03:08:43Z INFO CommandSettings] Arg 'work': ''
[2021-04-20 03:08:43Z INFO CommandSettings] Flag 'unattended': 'False'
[2021-04-20 03:08:43Z INFO PromptManager] ReadValue
[2021-04-20 03:08:43Z INFO Terminal] WRITE: Enter name of work folder: 
[2021-04-20 03:08:43Z INFO Terminal] WRITE: [press Enter for _work] 
[2021-04-20 03:08:43Z INFO Terminal] READ LINE
[2021-04-20 03:08:43Z INFO Terminal] Read value: ''
[2021-04-20 03:08:43Z INFO PromptManager] Falling back to the default: '_work'
[2021-04-20 03:08:43Z INFO ConfigurationStore] Saving runner settings.
[2021-04-20 03:08:43Z INFO ConfigurationStore] Settings Saved.
[2021-04-20 03:08:43Z INFO Terminal] WRITE LINE: 
[2021-04-20 03:08:43Z INFO Terminal] WRITE LINE: 
[2021-04-20 03:08:43Z INFO CommandSettings] Flag 'runasservice': 'False'
[2021-04-20 03:08:43Z INFO CommandSettings] Flag 'unattended': 'False'
[2021-04-20 03:08:43Z INFO PromptManager] ReadValue
[2021-04-20 03:08:43Z INFO Terminal] WRITE: Would you like to run the runner as service? (Y/N) 
[2021-04-20 03:08:43Z INFO Terminal] WRITE: [press Enter for N] 
[2021-04-20 03:08:43Z INFO Terminal] READ LINE
[2021-04-20 03:08:43Z INFO Terminal] Read value: ''
[2021-04-20 03:08:43Z INFO PromptManager] Falling back to the default: 'N'
[2021-04-20 03:08:43Z INFO Listener] Runner execution has finished with return code 0
